<?xml version="1.0" encoding="UTF-8" ?>
<testsuite failures="0" time="0.201" errors="0" skipped="0" tests="8" name="uk.ac.ebi.pride.sequence.aaindex.AaIndexTest">
  <properties>
[...]
</properties>
  <testcase time="0.123" classname="uk.ac.ebi.pride.sequence.aaindex.AaIndexTest" name="testGetAminoAcidIndexByAccession"/>
  <testcase time="0.002" classname="uk.ac.ebi.pride.sequence.aaindex.AaIndexTest" name="testGetAaIndexEntryByAccession"/>
  <testcase time="0.024" classname="uk.ac.ebi.pride.sequence.aaindex.AaIndexTest" name="testGetAaIndexEntriesByDescriptionKeyWord"/>
  <testcase time="0.02" classname="uk.ac.ebi.pride.sequence.aaindex.AaIndexTest" name="testGetAaIndexEntriesByAuthorsKeyWord"/>
  <testcase time="0.022" classname="uk.ac.ebi.pride.sequence.aaindex.AaIndexTest" name="testGetAaIndexEntriesByManuscriptKeyWord"/>
  <testcase time="0.001" classname="uk.ac.ebi.pride.sequence.aaindex.AaIndexTest" name="testGetAvgAaIndexEntry"/>
  <testcase time="0.001" classname="uk.ac.ebi.pride.sequence.aaindex.AaIndexTest" name="testGetSumAaIndexEntry"/>
  <testcase time="0.002" classname="uk.ac.ebi.pride.sequence.aaindex.AaIndexTest" name="testGetAllAminoAcidIndexes"/>
</testsuite>